Using pre-set license
Built from '2020.3/china_unity/release' branch; Version is '2020.3.37f1c1 (9f30be21c416) revision 10432702'; Using compiler version '192528614'; Build Type 'Release'
OS: 'Windows 10  (10.0.19044) 64bit ProfessionalWorkstation' Language: 'zh' Physical Memory: 32450 MB
BatchMode: 1, IsHumanControllingUs: 0, StartBugReporterOnCrash: 0, Is64bit: 1, IsPro: 0

COMMAND LINE ARGUMENTS:
C:\Program Files\Unity\Hub\Editor\2020.3.37f1c1\Editor\Unity.exe
-adb2
-batchMode
-noUpm
-name
AssetImportWorker0
-projectPath
D:/MyClient/IntegrityTeam/DetectiveGame
-logFile
Logs/AssetImportWorker0.log
-srvPort
55548
Successfully changed project path to: D:/MyClient/IntegrityTeam/DetectiveGame
D:/MyClient/IntegrityTeam/DetectiveGame
Using Asset Import Pipeline V2.
AS: AutoStreaming module initializing.Refreshing native plugins compatible for Editor in 93.63 ms, found 3 plugins.
Preloading 0 native plugins for Editor in 0.00 ms.
Initialize engine version: 2020.3.37f1c1 (9f30be21c416)
[Subsystems] Discovering subsystems at path C:/Program Files/Unity/Hub/Editor/2020.3.37f1c1/Editor/Data/Resources/UnitySubsystems
[Subsystems] Discovering subsystems at path D:/MyClient/IntegrityTeam/DetectiveGame/Assets
GfxDevice: creating device client; threaded=0
Direct3D:
    Version:  Direct3D 11.0 [level 11.1]
    Renderer: NVIDIA Quadro RTX 4000 (ID=0x1eb1)
    Vendor:   
    VRAM:     8019 MB
    Driver:   31.0.15.1640
Initialize mono
Mono path[0] = 'C:/Program Files/Unity/Hub/Editor/2020.3.37f1c1/Editor/Data/Managed'
Mono path[1] = 'C:/Program Files/Unity/Hub/Editor/2020.3.37f1c1/Editor/Data/MonoBleedingEdge/lib/mono/unityjit'
Mono config path = 'C:/Program Files/Unity/Hub/Editor/2020.3.37f1c1/Editor/Data/MonoBleedingEdge/etc'
Using monoOptions --debugger-agent=transport=dt_socket,embedding=1,server=y,suspend=n,address=127.0.0.1:56656
Begin MonoManager ReloadAssembly
Registering precompiled unity dll's ...
Register platform support module: C:/Program Files/Unity/Hub/Editor/2020.3.37f1c1/Editor/Data/PlaybackEngines/WindowsStandaloneSupport/UnityEditor.WindowsStandalone.Extensions.dll
Registered in 0.003169 seconds.
Native extension for WindowsStandalone target not found
Refreshing native plugins compatible for Editor in 86.16 ms, found 3 plugins.
Preloading 0 native plugins for Editor in 0.00 ms.
Mono: successfully reloaded assembly
- Completed reload, in  0.744 seconds
Domain Reload Profiling:
	ReloadAssembly (744ms)
		BeginReloadAssembly (64ms)
			ExecutionOrderSort (0ms)
			DisableScriptedObjects (0ms)
			BackupInstance (0ms)
			ReleaseScriptingObjects (0ms)
			CreateAndSetChildDomain (1ms)
		EndReloadAssembly (579ms)
			LoadAssemblies (60ms)
			RebuildTransferFunctionScriptingTraits (0ms)
			SetupTypeCache (157ms)
			ReleaseScriptCaches (0ms)
			RebuildScriptCaches (53ms)
			SetupLoadedEditorAssemblies (249ms)
				LogAssemblyErrors (0ms)
				InitializePlatformSupportModulesInManaged (4ms)
				SetLoadedEditorAssemblies (0ms)
				RefreshPlugins (86ms)
				BeforeProcessingInitializeOnLoad (31ms)
				ProcessInitializeOnLoadAttributes (95ms)
				ProcessInitializeOnLoadMethodAttributes (33ms)
				AfterProcessingInitializeOnLoad (0ms)
				EditorAssembliesLoaded (0ms)
			ExecutionOrderSort2 (0ms)
			AwakeInstancesAfterBackupRestoration (0ms)
Platform modules already initialized, skipping
Registering precompiled user dll's ...
Registered in 0.002361 seconds.
Begin MonoManager ReloadAssembly
Native extension for WindowsStandalone target not found
Refreshing native plugins compatible for Editor in 36.98 ms, found 3 plugins.
Preloading 0 native plugins for Editor in 0.00 ms.
Mono: successfully reloaded assembly
- Completed reload, in  1.178 seconds
Domain Reload Profiling:
	ReloadAssembly (1179ms)
		BeginReloadAssembly (196ms)
			ExecutionOrderSort (0ms)
			DisableScriptedObjects (4ms)
			BackupInstance (0ms)
			ReleaseScriptingObjects (0ms)
			CreateAndSetChildDomain (30ms)
		EndReloadAssembly (922ms)
			LoadAssemblies (126ms)
			RebuildTransferFunctionScriptingTraits (0ms)
			SetupTypeCache (298ms)
			ReleaseScriptCaches (1ms)
			RebuildScriptCaches (55ms)
			SetupLoadedEditorAssemblies (365ms)
				LogAssemblyErrors (0ms)
				InitializePlatformSupportModulesInManaged (3ms)
				SetLoadedEditorAssemblies (0ms)
				RefreshPlugins (37ms)
				BeforeProcessingInitializeOnLoad (84ms)
				ProcessInitializeOnLoadAttributes (200ms)
				ProcessInitializeOnLoadMethodAttributes (17ms)
				AfterProcessingInitializeOnLoad (24ms)
				EditorAssembliesLoaded (0ms)
			ExecutionOrderSort2 (0ms)
			AwakeInstancesAfterBackupRestoration (5ms)
Platform modules already initialized, skipping
========================================================================
Worker process is ready to serve import requests
Launched and connected shader compiler UnityShaderCompiler.exe after 0.13 seconds
Refreshing native plugins compatible for Editor in 1.15 ms, found 3 plugins.
Preloading 0 native plugins for Editor in 0.00 ms.
Unloading 2211 Unused Serialized files (Serialized files now loaded: 0)
System memory in use before: 97.4 MB.
System memory in use after: 97.3 MB.

Unloading 31 unused Assets to reduce memory usage. Loaded Objects now: 2644.
Total: 8.234800 ms (FindLiveObjects: 0.428600 ms CreateObjectMapping: 0.296800 ms MarkObjects: 7.248100 ms  DeleteObjects: 0.259100 ms)

AssetImportParameters requested are different than current active one (requested -> active):
  custom:framework-win-MediaFoundation: 216162199b28c13a410421893ffa2e32 -> 
  custom:video-decoder-ogg-theora: a1e56fd34408186e4bbccfd4996cb3dc -> 
  custom:container-muxer-webm: aa71ff27fc2769a1b78a27578f13a17b -> 
  custom:container-demuxer-webm: 4f35f7cbe854078d1ac9338744f61a02 -> 
  custom:container-demuxer-ogg: 62fdf1f143b41e24485cea50d1cbac27 -> 
  custom:video-encoder-webm-vp8: eb34c28f22e8b96e1ab97ce403110664 -> 
  custom:video-codec-MediaFoundation-h265: 746d11721c4dcdbdad8f713fa42b33f4 -> 
  custom:video-decoder-webm-vp8: 9c59270c3fd7afecdb556c50c9e8de78 -> 
  custom:audio-decoder-ogg-vorbis: bf7c407c2cedff20999df2af8eb42d56 -> 
  custom:audio-encoder-webm-vorbis: bf7c407c2cedff20999df2af8eb42d56 -> 
========================================================================
Received Import Request.
  path: Assets/Scenes/SampleScene.unity
  artifactKey: Guid(2cda990e2423bbf4892e6590ba056729) Importer(815301076,1909f56bfc062723c751e8b465ee728b)
Start importing Assets/Scenes/SampleScene.unity using Guid(2cda990e2423bbf4892e6590ba056729) Importer(815301076,1909f56bfc062723c751e8b465ee728b)  -> (artifact id: '39830e642e86629427d938554181f2fd') in 0.013062 seconds 
========================================================================
Received Prepare
Registering precompiled user dll's ...
Registered in 0.002714 seconds.
Begin MonoManager ReloadAssembly
Native extension for WindowsStandalone target not found
Refreshing native plugins compatible for Editor in 0.54 ms, found 3 plugins.
Preloading 0 native plugins for Editor in 0.00 ms.
Mono: successfully reloaded assembly
- Completed reload, in  0.992 seconds
Domain Reload Profiling:
	ReloadAssembly (993ms)
		BeginReloadAssembly (127ms)
			ExecutionOrderSort (0ms)
			DisableScriptedObjects (5ms)
			BackupInstance (0ms)
			ReleaseScriptingObjects (0ms)
			CreateAndSetChildDomain (43ms)
		EndReloadAssembly (804ms)
			LoadAssemblies (90ms)
			RebuildTransferFunctionScriptingTraits (0ms)
			SetupTypeCache (274ms)
			ReleaseScriptCaches (1ms)
			RebuildScriptCaches (38ms)
			SetupLoadedEditorAssemblies (325ms)
				LogAssemblyErrors (0ms)
				InitializePlatformSupportModulesInManaged (4ms)
				SetLoadedEditorAssemblies (0ms)
				RefreshPlugins (1ms)
				BeforeProcessingInitializeOnLoad (89ms)
				ProcessInitializeOnLoadAttributes (205ms)
				ProcessInitializeOnLoadMethodAttributes (13ms)
				AfterProcessingInitializeOnLoad (12ms)
				EditorAssembliesLoaded (0ms)
			ExecutionOrderSort2 (0ms)
			AwakeInstancesAfterBackupRestoration (3ms)
Platform modules already initialized, skipping
Refreshing native plugins compatible for Editor in 0.51 ms, found 3 plugins.
Preloading 0 native plugins for Editor in 0.00 ms.
Unloading 2496 Unused Serialized files (Serialized files now loaded: 0)
System memory in use before: 106.3 MB.
System memory in use after: 106.4 MB.

Unloading 22 unused Assets to reduce memory usage. Loaded Objects now: 2935.
Total: 7.798200 ms (FindLiveObjects: 0.359900 ms CreateObjectMapping: 0.290300 ms MarkObjects: 6.957900 ms  DeleteObjects: 0.188700 ms)

AssetImportParameters requested are different than current active one (requested -> active):
  custom:framework-win-MediaFoundation: 216162199b28c13a410421893ffa2e32 -> 
  custom:video-decoder-ogg-theora: a1e56fd34408186e4bbccfd4996cb3dc -> 
  custom:container-muxer-webm: aa71ff27fc2769a1b78a27578f13a17b -> 
  custom:container-demuxer-webm: 4f35f7cbe854078d1ac9338744f61a02 -> 
  custom:container-demuxer-ogg: 62fdf1f143b41e24485cea50d1cbac27 -> 
  custom:video-encoder-webm-vp8: eb34c28f22e8b96e1ab97ce403110664 -> 
  custom:video-codec-MediaFoundation-h265: 746d11721c4dcdbdad8f713fa42b33f4 -> 
  custom:video-decoder-webm-vp8: 9c59270c3fd7afecdb556c50c9e8de78 -> 
  custom:audio-decoder-ogg-vorbis: bf7c407c2cedff20999df2af8eb42d56 -> 
  custom:audio-encoder-webm-vorbis: bf7c407c2cedff20999df2af8eb42d56 -> 
========================================================================
Received Import Request.
  Time since last request: 87.578619 seconds.
  path: Assets/UnityGameFramework/GameFramework.prefab
  artifactKey: Guid(adb3eb1c35fcff14f89fba7b05c9d71c) Importer(815301076,1909f56bfc062723c751e8b465ee728b)
Start importing Assets/UnityGameFramework/GameFramework.prefab using Guid(adb3eb1c35fcff14f89fba7b05c9d71c) Importer(815301076,1909f56bfc062723c751e8b465ee728b)  -> (artifact id: 'f6b8c3453241f6290bd93419e24e1b8b') in 0.079237 seconds 
========================================================================
Received Import Request.
  Time since last request: 13.094865 seconds.
  path: Assets/UnityGameFramework/Libraries
  artifactKey: Guid(1a46d69a0c58378428a0f12b118e5571) Importer(815301076,1909f56bfc062723c751e8b465ee728b)
Start importing Assets/UnityGameFramework/Libraries using Guid(1a46d69a0c58378428a0f12b118e5571) Importer(815301076,1909f56bfc062723c751e8b465ee728b)  -> (artifact id: '87641e372a6bbed449b629deb948d903') in 0.002641 seconds 
========================================================================
Received Import Request.
  Time since last request: 1.326402 seconds.
  path: Assets/UnityGameFramework/Scripts
  artifactKey: Guid(5313afa278c2fb541943229963f346a4) Importer(815301076,1909f56bfc062723c751e8b465ee728b)
Start importing Assets/UnityGameFramework/Scripts using Guid(5313afa278c2fb541943229963f346a4) Importer(815301076,1909f56bfc062723c751e8b465ee728b)  -> (artifact id: '218a2d02b07fd74e3b3d6089dddd9e56') in 0.003513 seconds 
========================================================================
Received Import Request.
  Time since last request: 1.394535 seconds.
  path: Assets/UnityGameFramework/Scripts/Runtime
  artifactKey: Guid(5ce3d7820ef93aa4688043311e1e4623) Importer(815301076,1909f56bfc062723c751e8b465ee728b)
Start importing Assets/UnityGameFramework/Scripts/Runtime using Guid(5ce3d7820ef93aa4688043311e1e4623) Importer(815301076,1909f56bfc062723c751e8b465ee728b)  -> (artifact id: '4f7ee1af5328e2e179f4e073e2bcb01e') in 0.003208 seconds 
========================================================================
Received Prepare
Registering precompiled user dll's ...
Registered in 0.002787 seconds.
Begin MonoManager ReloadAssembly
Native extension for WindowsStandalone target not found
Refreshing native plugins compatible for Editor in 0.56 ms, found 3 plugins.
Preloading 0 native plugins for Editor in 0.00 ms.
Mono: successfully reloaded assembly
- Completed reload, in  1.055 seconds
Domain Reload Profiling:
	ReloadAssembly (1056ms)
		BeginReloadAssembly (155ms)
			ExecutionOrderSort (0ms)
			DisableScriptedObjects (5ms)
			BackupInstance (0ms)
			ReleaseScriptingObjects (0ms)
			CreateAndSetChildDomain (46ms)
		EndReloadAssembly (827ms)
			LoadAssemblies (115ms)
			RebuildTransferFunctionScriptingTraits (0ms)
			SetupTypeCache (276ms)
			ReleaseScriptCaches (1ms)
			RebuildScriptCaches (41ms)
			SetupLoadedEditorAssemblies (306ms)
				LogAssemblyErrors (0ms)
				InitializePlatformSupportModulesInManaged (4ms)
				SetLoadedEditorAssemblies (0ms)
				RefreshPlugins (1ms)
				BeforeProcessingInitializeOnLoad (111ms)
				ProcessInitializeOnLoadAttributes (163ms)
				ProcessInitializeOnLoadMethodAttributes (14ms)
				AfterProcessingInitializeOnLoad (13ms)
				EditorAssembliesLoaded (0ms)
			ExecutionOrderSort2 (0ms)
			AwakeInstancesAfterBackupRestoration (3ms)
Platform modules already initialized, skipping
Refreshing native plugins compatible for Editor in 1.02 ms, found 3 plugins.
Preloading 0 native plugins for Editor in 0.00 ms.
Unloading 2496 Unused Serialized files (Serialized files now loaded: 0)
System memory in use before: 106.4 MB.
System memory in use after: 106.4 MB.

Unloading 22 unused Assets to reduce memory usage. Loaded Objects now: 2938.
Total: 7.835400 ms (FindLiveObjects: 0.397300 ms CreateObjectMapping: 0.250700 ms MarkObjects: 6.943000 ms  DeleteObjects: 0.241300 ms)

AssetImportParameters requested are different than current active one (requested -> active):
  custom:framework-win-MediaFoundation: 216162199b28c13a410421893ffa2e32 -> 
  custom:video-decoder-ogg-theora: a1e56fd34408186e4bbccfd4996cb3dc -> 
  custom:container-muxer-webm: aa71ff27fc2769a1b78a27578f13a17b -> 
  custom:container-demuxer-webm: 4f35f7cbe854078d1ac9338744f61a02 -> 
  custom:container-demuxer-ogg: 62fdf1f143b41e24485cea50d1cbac27 -> 
  custom:video-encoder-webm-vp8: eb34c28f22e8b96e1ab97ce403110664 -> 
  custom:video-codec-MediaFoundation-h265: 746d11721c4dcdbdad8f713fa42b33f4 -> 
  custom:video-decoder-webm-vp8: 9c59270c3fd7afecdb556c50c9e8de78 -> 
  custom:audio-decoder-ogg-vorbis: bf7c407c2cedff20999df2af8eb42d56 -> 
  custom:audio-encoder-webm-vorbis: bf7c407c2cedff20999df2af8eb42d56 -> 
========================================================================
Received Prepare
Registering precompiled user dll's ...
Registered in 0.002741 seconds.
Begin MonoManager ReloadAssembly
Native extension for WindowsStandalone target not found
Refreshing native plugins compatible for Editor in 0.53 ms, found 3 plugins.
Preloading 0 native plugins for Editor in 0.00 ms.
Mono: successfully reloaded assembly
- Completed reload, in  1.042 seconds
Domain Reload Profiling:
	ReloadAssembly (1043ms)
		BeginReloadAssembly (163ms)
			ExecutionOrderSort (0ms)
			DisableScriptedObjects (5ms)
			BackupInstance (0ms)
			ReleaseScriptingObjects (0ms)
			CreateAndSetChildDomain (56ms)
		EndReloadAssembly (804ms)
			LoadAssemblies (106ms)
			RebuildTransferFunctionScriptingTraits (0ms)
			SetupTypeCache (290ms)
			ReleaseScriptCaches (1ms)
			RebuildScriptCaches (39ms)
			SetupLoadedEditorAssemblies (268ms)
				LogAssemblyErrors (0ms)
				InitializePlatformSupportModulesInManaged (4ms)
				SetLoadedEditorAssemblies (0ms)
				RefreshPlugins (1ms)
				BeforeProcessingInitializeOnLoad (78ms)
				ProcessInitializeOnLoadAttributes (159ms)
				ProcessInitializeOnLoadMethodAttributes (13ms)
				AfterProcessingInitializeOnLoad (12ms)
				EditorAssembliesLoaded (0ms)
			ExecutionOrderSort2 (0ms)
			AwakeInstancesAfterBackupRestoration (3ms)
Platform modules already initialized, skipping
Refreshing native plugins compatible for Editor in 0.51 ms, found 3 plugins.
Preloading 0 native plugins for Editor in 0.00 ms.
Unloading 2496 Unused Serialized files (Serialized files now loaded: 0)
System memory in use before: 106.3 MB.
System memory in use after: 106.4 MB.

Unloading 22 unused Assets to reduce memory usage. Loaded Objects now: 2941.
Total: 7.349800 ms (FindLiveObjects: 0.397300 ms CreateObjectMapping: 0.199500 ms MarkObjects: 6.649500 ms  DeleteObjects: 0.102200 ms)

AssetImportParameters requested are different than current active one (requested -> active):
  custom:framework-win-MediaFoundation: 216162199b28c13a410421893ffa2e32 -> 
  custom:video-decoder-ogg-theora: a1e56fd34408186e4bbccfd4996cb3dc -> 
  custom:container-muxer-webm: aa71ff27fc2769a1b78a27578f13a17b -> 
  custom:container-demuxer-webm: 4f35f7cbe854078d1ac9338744f61a02 -> 
  custom:container-demuxer-ogg: 62fdf1f143b41e24485cea50d1cbac27 -> 
  custom:video-encoder-webm-vp8: eb34c28f22e8b96e1ab97ce403110664 -> 
  custom:video-codec-MediaFoundation-h265: 746d11721c4dcdbdad8f713fa42b33f4 -> 
  custom:video-decoder-webm-vp8: 9c59270c3fd7afecdb556c50c9e8de78 -> 
  custom:audio-decoder-ogg-vorbis: bf7c407c2cedff20999df2af8eb42d56 -> 
  custom:audio-encoder-webm-vorbis: bf7c407c2cedff20999df2af8eb42d56 -> 
========================================================================
Received Import Request.
  Time since last request: 193.473215 seconds.
  path: Assets/Script
  artifactKey: Guid(7f0f158a09580d340a29b5ceca4f4f35) Importer(815301076,1909f56bfc062723c751e8b465ee728b)
Start importing Assets/Script using Guid(7f0f158a09580d340a29b5ceca4f4f35) Importer(815301076,1909f56bfc062723c751e8b465ee728b)  -> (artifact id: '6a40bf6908aeb3cc42eeac5d25ac1c1b') in 0.011019 seconds 
========================================================================
Received Import Request.
  Time since last request: 6.358864 seconds.
  path: Assets/Scripts
  artifactKey: Guid(7f0f158a09580d340a29b5ceca4f4f35) Importer(815301076,1909f56bfc062723c751e8b465ee728b)
Start importing Assets/Scripts using Guid(7f0f158a09580d340a29b5ceca4f4f35) Importer(815301076,1909f56bfc062723c751e8b465ee728b)  -> (artifact id: 'f878da7c4bc1f984b8cbb4c18988fcb4') in 0.003895 seconds 
========================================================================
Received Import Request.
  Time since last request: 46.881640 seconds.
  path: Assets/Main.unity
  artifactKey: Guid(2cda990e2423bbf4892e6590ba056729) Importer(815301076,1909f56bfc062723c751e8b465ee728b)
Start importing Assets/Main.unity using Guid(2cda990e2423bbf4892e6590ba056729) Importer(815301076,1909f56bfc062723c751e8b465ee728b)  -> (artifact id: 'a9116a2d95f90e7fe8f2e5e521d820aa') in 0.003714 seconds 
========================================================================
Received Import Request.
  Time since last request: 17.188190 seconds.
  path: Assets/Core/Libraries/GameFramework.dll
  artifactKey: Guid(535b3169b00c6744aaef208fc713a195) Importer(815301076,1909f56bfc062723c751e8b465ee728b)
Start importing Assets/Core/Libraries/GameFramework.dll using Guid(535b3169b00c6744aaef208fc713a195) Importer(815301076,1909f56bfc062723c751e8b465ee728b)  -> (artifact id: '3a393cc8a69a02f398e9ba4e04b7ee8f') in 0.012957 seconds 
========================================================================
Received Import Request.
  Time since last request: 2.396150 seconds.
  path: Assets/Core/Libraries/GameFramework.xml
  artifactKey: Guid(46cbe7b3d65fad24ba53d57c6bca3740) Importer(815301076,1909f56bfc062723c751e8b465ee728b)
Start importing Assets/Core/Libraries/GameFramework.xml using Guid(46cbe7b3d65fad24ba53d57c6bca3740) Importer(815301076,1909f56bfc062723c751e8b465ee728b)  -> (artifact id: 'cc86a003721d238705079252940bea4f') in 0.024757 seconds 
========================================================================
Received Import Request.
  Time since last request: 3.940483 seconds.
  path: Assets/Core/Libraries/ICSharpCode.SharpZipLib.dll
  artifactKey: Guid(bc9c7e2be608ffb4f900d02be002262e) Importer(815301076,1909f56bfc062723c751e8b465ee728b)
Start importing Assets/Core/Libraries/ICSharpCode.SharpZipLib.dll using Guid(bc9c7e2be608ffb4f900d02be002262e) Importer(815301076,1909f56bfc062723c751e8b465ee728b)  -> (artifact id: '5cab7cffe576d19e7d3ba09f0d94f1d8') in 0.003041 seconds 
========================================================================
Received Import Request.
  Time since last request: 288.872152 seconds.
  path: Assets/GameMain/Scripts
  artifactKey: Guid(10fa79c3800bd754e93df717f94c807b) Importer(815301076,1909f56bfc062723c751e8b465ee728b)
Start importing Assets/GameMain/Scripts using Guid(10fa79c3800bd754e93df717f94c807b) Importer(815301076,1909f56bfc062723c751e8b465ee728b)  -> (artifact id: '611eef66b425f1bc5beea926f9d93212') in 0.007215 seconds 
========================================================================
Received Import Request.
  Time since last request: 728.717684 seconds.
  path: Assets/GameMain/UI/Dynamic
  artifactKey: Guid(142e1bbbc92030f4d95a9ff633774322) Importer(815301076,1909f56bfc062723c751e8b465ee728b)
Start importing Assets/GameMain/UI/Dynamic using Guid(142e1bbbc92030f4d95a9ff633774322) Importer(815301076,1909f56bfc062723c751e8b465ee728b)  -> (artifact id: '79fa8f8afa29f9fb532ac0c13dbc62b5') in 0.004709 seconds 
========================================================================
Received Import Request.
  Time since last request: 1.515016 seconds.
  path: Assets/GameMain/UI/Dynamic/LevelSelectionButton.prefab
  artifactKey: Guid(5f81224f9c2105d439fa1d0bccfe2d28) Importer(815301076,1909f56bfc062723c751e8b465ee728b)
Start importing Assets/GameMain/UI/Dynamic/LevelSelectionButton.prefab using Guid(5f81224f9c2105d439fa1d0bccfe2d28) Importer(815301076,1909f56bfc062723c751e8b465ee728b)  -> (artifact id: '681748e65d2c6619d23131fd3e794976') in 0.038839 seconds 
========================================================================
Received Import Request.
  Time since last request: 4.112061 seconds.
  path: Assets/GameMain/UI/Dynamic/TowerBuildButton.prefab
  artifactKey: Guid(ea4d23971c755a8428965bc49024c813) Importer(815301076,1909f56bfc062723c751e8b465ee728b)
Start importing Assets/GameMain/UI/Dynamic/TowerBuildButton.prefab using Guid(ea4d23971c755a8428965bc49024c813) Importer(815301076,1909f56bfc062723c751e8b465ee728b)  -> (artifact id: 'acf82967744b1d271ac2e699604b45ff') in 0.011775 seconds 
========================================================================
Received Import Request.
  Time since last request: 65.084150 seconds.
  path: Assets/GameMain/Scripts/Item
  artifactKey: Guid(5ce917d15819f6042811a842b80b6cc6) Importer(815301076,1909f56bfc062723c751e8b465ee728b)
Start importing Assets/GameMain/Scripts/Item using Guid(5ce917d15819f6042811a842b80b6cc6) Importer(815301076,1909f56bfc062723c751e8b465ee728b)  -> (artifact id: 'f25c94e5a2239a94b7c226d35510a30e') in 0.003950 seconds 
========================================================================
Received Import Request.
  Time since last request: 1.818381 seconds.
  path: Assets/GameMain/Scripts/Item/ItemExtension.cs
  artifactKey: Guid(e97d8e718160b3e4fb15d79e2a7b3cb9) Importer(815301076,1909f56bfc062723c751e8b465ee728b)
Start importing Assets/GameMain/Scripts/Item/ItemExtension.cs using Guid(e97d8e718160b3e4fb15d79e2a7b3cb9) Importer(815301076,1909f56bfc062723c751e8b465ee728b)  -> (artifact id: 'f2edf2c534ec765162372d368e55ffc0') in 0.008468 seconds 
========================================================================
Received Import Request.
  Time since last request: 2.490947 seconds.
  path: Assets/GameMain/Scripts/BuiltinData
  artifactKey: Guid(acfdc5f88225d7646b9aacad82a74c03) Importer(815301076,1909f56bfc062723c751e8b465ee728b)
Start importing Assets/GameMain/Scripts/BuiltinData using Guid(acfdc5f88225d7646b9aacad82a74c03) Importer(815301076,1909f56bfc062723c751e8b465ee728b)  -> (artifact id: 'eb361b2eed8a3c7030fea5b1c1a54a72') in 0.003572 seconds 
========================================================================
Received Import Request.
  Time since last request: 3.737083 seconds.
  path: Assets/GameMain/Scripts/Procedure
  artifactKey: Guid(96efa670983d58147b8284bfcf75571a) Importer(815301076,1909f56bfc062723c751e8b465ee728b)
Start importing Assets/GameMain/Scripts/Procedure using Guid(96efa670983d58147b8284bfcf75571a) Importer(815301076,1909f56bfc062723c751e8b465ee728b)  -> (artifact id: '4e772e84625373f1859278b6a99c238d') in 0.006547 seconds 
========================================================================
Received Prepare
Registering precompiled user dll's ...
Registered in 0.003049 seconds.
Begin MonoManager ReloadAssembly
Native extension for WindowsStandalone target not found
Refreshing native plugins compatible for Editor in 0.55 ms, found 3 plugins.
Preloading 0 native plugins for Editor in 0.00 ms.
Mono: successfully reloaded assembly
- Completed reload, in  1.029 seconds
Domain Reload Profiling:
	ReloadAssembly (1029ms)
		BeginReloadAssembly (160ms)
			ExecutionOrderSort (0ms)
			DisableScriptedObjects (5ms)
			BackupInstance (0ms)
			ReleaseScriptingObjects (0ms)
			CreateAndSetChildDomain (38ms)
		EndReloadAssembly (799ms)
			LoadAssemblies (128ms)
			RebuildTransferFunctionScriptingTraits (0ms)
			SetupTypeCache (289ms)
			ReleaseScriptCaches (1ms)
			RebuildScriptCaches (46ms)
			SetupLoadedEditorAssemblies (295ms)
				LogAssemblyErrors (0ms)
				InitializePlatformSupportModulesInManaged (4ms)
				SetLoadedEditorAssemblies (0ms)
				RefreshPlugins (1ms)
				BeforeProcessingInitializeOnLoad (81ms)
				ProcessInitializeOnLoadAttributes (172ms)
				ProcessInitializeOnLoadMethodAttributes (16ms)
				AfterProcessingInitializeOnLoad (20ms)
				EditorAssembliesLoaded (0ms)
			ExecutionOrderSort2 (0ms)
			AwakeInstancesAfterBackupRestoration (3ms)
Platform modules already initialized, skipping
Refreshing native plugins compatible for Editor in 0.53 ms, found 3 plugins.
Preloading 0 native plugins for Editor in 0.00 ms.
Unloading 2497 Unused Serialized files (Serialized files now loaded: 0)
System memory in use before: 106.4 MB.
System memory in use after: 106.4 MB.

Unloading 23 unused Assets to reduce memory usage. Loaded Objects now: 2944.
Total: 7.035600 ms (FindLiveObjects: 0.403200 ms CreateObjectMapping: 0.244500 ms MarkObjects: 6.263800 ms  DeleteObjects: 0.122600 ms)

AssetImportParameters requested are different than current active one (requested -> active):
  custom:framework-win-MediaFoundation: 216162199b28c13a410421893ffa2e32 -> 
  custom:video-decoder-ogg-theora: a1e56fd34408186e4bbccfd4996cb3dc -> 
  custom:container-muxer-webm: aa71ff27fc2769a1b78a27578f13a17b -> 
  custom:container-demuxer-webm: 4f35f7cbe854078d1ac9338744f61a02 -> 
  custom:container-demuxer-ogg: 62fdf1f143b41e24485cea50d1cbac27 -> 
  custom:video-encoder-webm-vp8: eb34c28f22e8b96e1ab97ce403110664 -> 
  custom:video-codec-MediaFoundation-h265: 746d11721c4dcdbdad8f713fa42b33f4 -> 
  custom:video-decoder-webm-vp8: 9c59270c3fd7afecdb556c50c9e8de78 -> 
  custom:audio-decoder-ogg-vorbis: bf7c407c2cedff20999df2af8eb42d56 -> 
  custom:audio-encoder-webm-vorbis: bf7c407c2cedff20999df2af8eb42d56 -> 
========================================================================
Received Import Request.
  Time since last request: 19.695172 seconds.
  path: Assets/GameMain/Scenes/GameStart
  artifactKey: Guid(aabfbe93104469448bba9c5e24c8ec0e) Importer(815301076,1909f56bfc062723c751e8b465ee728b)
Start importing Assets/GameMain/Scenes/GameStart using Guid(aabfbe93104469448bba9c5e24c8ec0e) Importer(815301076,1909f56bfc062723c751e8b465ee728b)  -> (artifact id: '9ed911ec800c20b341df532f5cb69076') in 0.009859 seconds 
========================================================================
Received Import Request.
  Time since last request: 25.319587 seconds.
  path: Assets/GameMain/UI/UIForms/UIDownloadForm.prefab
  artifactKey: Guid(56fbb0c4526becf4c91c0e5e14ff492b) Importer(815301076,1909f56bfc062723c751e8b465ee728b)
Start importing Assets/GameMain/UI/UIForms/UIDownloadForm.prefab using Guid(56fbb0c4526becf4c91c0e5e14ff492b) Importer(815301076,1909f56bfc062723c751e8b465ee728b)  -> (artifact id: 'd256a7a8da1b859934c32f1503b6b581') in 0.037880 seconds 
========================================================================
Received Import Request.
  Time since last request: 1.872563 seconds.
  path: Assets/GameMain/UI/UIForms/UIGameOverForm.prefab
  artifactKey: Guid(a40e18b36a1177c44945d4812b7c9d45) Importer(815301076,1909f56bfc062723c751e8b465ee728b)
Start importing Assets/GameMain/UI/UIForms/UIGameOverForm.prefab using Guid(a40e18b36a1177c44945d4812b7c9d45) Importer(815301076,1909f56bfc062723c751e8b465ee728b)  -> (artifact id: '402ec8a4cbda8eaf28e2d97b56eda1aa') in 0.016747 seconds 
========================================================================
Received Import Request.
  Time since last request: 4.076900 seconds.
  path: Assets/GameMain/UI/UIForms/UIOptionsForm.prefab
  artifactKey: Guid(ab7fe05f924ed8346833726831cefc20) Importer(815301076,1909f56bfc062723c751e8b465ee728b)
Start importing Assets/GameMain/UI/UIForms/UIOptionsForm.prefab using Guid(ab7fe05f924ed8346833726831cefc20) Importer(815301076,1909f56bfc062723c751e8b465ee728b)  -> (artifact id: 'b59ba1f4b865fdba74a6ec1ad6d8fab6') in 0.019758 seconds 
========================================================================
Received Import Request.
  Time since last request: 0.817461 seconds.
  path: Assets/GameMain/UI/UIForms/UIUpdateResourceForm.prefab
  artifactKey: Guid(065453d18e51b5940b16de60e8f371f9) Importer(815301076,1909f56bfc062723c751e8b465ee728b)
Start importing Assets/GameMain/UI/UIForms/UIUpdateResourceForm.prefab using Guid(065453d18e51b5940b16de60e8f371f9) Importer(815301076,1909f56bfc062723c751e8b465ee728b)  -> (artifact id: '11221da1cc0fff4fd48a9269842f5bb8') in 0.009692 seconds 
========================================================================
Received Import Request.
  Time since last request: 3.112899 seconds.
  path: Assets/GameMain/UI/UIForms/UIMask.prefab
  artifactKey: Guid(4f7608bbbc6b81346bcfde1e8a65c6ad) Importer(815301076,1909f56bfc062723c751e8b465ee728b)
Start importing Assets/GameMain/UI/UIForms/UIMask.prefab using Guid(4f7608bbbc6b81346bcfde1e8a65c6ad) Importer(815301076,1909f56bfc062723c751e8b465ee728b)  -> (artifact id: '6c0332e4b43e006fef4450e388aba8c5') in 0.008147 seconds 
========================================================================
Received Import Request.
  Time since last request: 156.729670 seconds.
  path: Assets/GameMain/Scripts/Editor
  artifactKey: Guid(8004ffd14c7c3744ea9c7bc036e9cfba) Importer(815301076,1909f56bfc062723c751e8b465ee728b)
Start importing Assets/GameMain/Scripts/Editor using Guid(8004ffd14c7c3744ea9c7bc036e9cfba) Importer(815301076,1909f56bfc062723c751e8b465ee728b)  -> (artifact id: '4d2d0315e9e249515d806ccf39a067eb') in 0.006999 seconds 
========================================================================
Received Import Request.
  Time since last request: 8.211683 seconds.
  path: Assets/Main.unity
  artifactKey: Guid(2cda990e2423bbf4892e6590ba056729) Importer(815301076,1909f56bfc062723c751e8b465ee728b)
Start importing Assets/Main.unity using Guid(2cda990e2423bbf4892e6590ba056729) Importer(815301076,1909f56bfc062723c751e8b465ee728b)  -> (artifact id: 'ac51f3643129c14e161a6ce8a347dc3a') in 0.003757 seconds 
========================================================================
Received Import Request.
  Time since last request: 185.754810 seconds.
  path: Assets/GameMain/Scripts/Base
  artifactKey: Guid(4d7c42d71f2d5de43a70ab7b60c4f7f9) Importer(815301076,1909f56bfc062723c751e8b465ee728b)
Start importing Assets/GameMain/Scripts/Base using Guid(4d7c42d71f2d5de43a70ab7b60c4f7f9) Importer(815301076,1909f56bfc062723c751e8b465ee728b)  -> (artifact id: '582b21d31d5187ce8843fb64682ebf79') in 0.002412 seconds 
========================================================================
Received Prepare
Registering precompiled user dll's ...
Registered in 0.002920 seconds.
Begin MonoManager ReloadAssembly
Native extension for WindowsStandalone target not found
Refreshing native plugins compatible for Editor in 1.16 ms, found 3 plugins.
Preloading 0 native plugins for Editor in 0.00 ms.
Mono: successfully reloaded assembly
- Completed reload, in  1.189 seconds
Domain Reload Profiling:
	ReloadAssembly (1190ms)
		BeginReloadAssembly (145ms)
			ExecutionOrderSort (0ms)
			DisableScriptedObjects (5ms)
			BackupInstance (0ms)
			ReleaseScriptingObjects (0ms)
			CreateAndSetChildDomain (55ms)
		EndReloadAssembly (982ms)
			LoadAssemblies (99ms)
			RebuildTransferFunctionScriptingTraits (0ms)
			SetupTypeCache (365ms)
			ReleaseScriptCaches (2ms)
			RebuildScriptCaches (41ms)
			SetupLoadedEditorAssemblies (390ms)
				LogAssemblyErrors (0ms)
				InitializePlatformSupportModulesInManaged (13ms)
				SetLoadedEditorAssemblies (1ms)
				RefreshPlugins (1ms)
				BeforeProcessingInitializeOnLoad (94ms)
				ProcessInitializeOnLoadAttributes (253ms)
				ProcessInitializeOnLoadMethodAttributes (14ms)
				AfterProcessingInitializeOnLoad (13ms)
				EditorAssembliesLoaded (0ms)
			ExecutionOrderSort2 (0ms)
			AwakeInstancesAfterBackupRestoration (4ms)
Platform modules already initialized, skipping
Refreshing native plugins compatible for Editor in 0.53 ms, found 3 plugins.
Preloading 0 native plugins for Editor in 0.00 ms.
Unloading 2500 Unused Serialized files (Serialized files now loaded: 0)
System memory in use before: 106.4 MB.
System memory in use after: 106.5 MB.

Unloading 23 unused Assets to reduce memory usage. Loaded Objects now: 2952.
Total: 6.976100 ms (FindLiveObjects: 0.406700 ms CreateObjectMapping: 0.234300 ms MarkObjects: 6.223300 ms  DeleteObjects: 0.109900 ms)

AssetImportParameters requested are different than current active one (requested -> active):
  custom:framework-win-MediaFoundation: 216162199b28c13a410421893ffa2e32 -> 
  custom:video-decoder-ogg-theora: a1e56fd34408186e4bbccfd4996cb3dc -> 
  custom:container-muxer-webm: aa71ff27fc2769a1b78a27578f13a17b -> 
  custom:container-demuxer-webm: 4f35f7cbe854078d1ac9338744f61a02 -> 
  custom:container-demuxer-ogg: 62fdf1f143b41e24485cea50d1cbac27 -> 
  custom:video-encoder-webm-vp8: eb34c28f22e8b96e1ab97ce403110664 -> 
  custom:video-codec-MediaFoundation-h265: 746d11721c4dcdbdad8f713fa42b33f4 -> 
  custom:video-decoder-webm-vp8: 9c59270c3fd7afecdb556c50c9e8de78 -> 
  custom:audio-decoder-ogg-vorbis: bf7c407c2cedff20999df2af8eb42d56 -> 
  custom:audio-encoder-webm-vorbis: bf7c407c2cedff20999df2af8eb42d56 -> 
========================================================================
Received Import Request.
  Time since last request: 101.885580 seconds.
  path: Assets/GameMain/Scenes/GameStart.unity
  artifactKey: Guid(b13da774a1c144b498cc82fc5cb01e73) Importer(815301076,1909f56bfc062723c751e8b465ee728b)
Start importing Assets/GameMain/Scenes/GameStart.unity using Guid(b13da774a1c144b498cc82fc5cb01e73) Importer(815301076,1909f56bfc062723c751e8b465ee728b)  -> (artifact id: '127802daf041bd03313db7d138fe5604') in 0.008413 seconds 
========================================================================
Received Import Request.
  Time since last request: 28.930711 seconds.
  path: Assets/GameMain/DataTables
  artifactKey: Guid(0a51777aa3aa5224390f144bdafca58d) Importer(815301076,1909f56bfc062723c751e8b465ee728b)
Start importing Assets/GameMain/DataTables using Guid(0a51777aa3aa5224390f144bdafca58d) Importer(815301076,1909f56bfc062723c751e8b465ee728b)  -> (artifact id: '3bc161285ca7f477efc85dfe7d211b39') in 0.007812 seconds 
========================================================================
Received Import Request.
  Time since last request: 1440.411492 seconds.
  path: Assets/GameMain/UI/UIForms
  artifactKey: Guid(818e1cb2beecf5443a287241eebaeb73) Importer(815301076,1909f56bfc062723c751e8b465ee728b)
Start importing Assets/GameMain/UI/UIForms using Guid(818e1cb2beecf5443a287241eebaeb73) Importer(815301076,1909f56bfc062723c751e8b465ee728b)  -> (artifact id: '4321cc7e164daa23392c0f54ea809305') in 0.003995 seconds 
AssetImportWorkerClient::OnTransportError - code=2 error=End of file
